0.0 0.0
0.10000000000000002 0.1
0.4000000000000001 0.2
0.8999999999999999 0.3
1.6000000000000003 0.4
2.5 0.5
3.5999999999999996 0.6
4.8999999999999995 0.7
6.400000000000001 0.8
8.100000000000001 0.9
10.0 1.0
10.1 0.95
10.4 0.9
10.9 0.85
11.6 0.8
12.5 0.75
13.6 0.7
14.899999999999999 0.65
16.400000000000002 0.6
18.1 0.55
20.0 0.5
20.1 0.45
20.4 0.4
20.9 0.35
21.6 0.3
22.5 0.25
23.6 0.2
24.9 0.15000000000000002
26.400000000000002 0.09999999999999998
28.1 0.04999999999999999
30.0 0.0
30.1 0.325
30.4 0.4
30.9 0.475
31.6 0.55
32.5 0.625
33.6 0.7
34.9 0.7749999999999999
36.4 0.8500000000000001
38.1 0.925
40.0 1.0
40.1 0.9
40.4 0.8
40.9 0.7
41.6 0.6
42.5 0.5
43.6 0.4
44.9 0.30000000000000004
46.4 0.19999999999999996
48.1 0.09999999999999998
50.0 0.0
50.1 0.1
50.4 0.2
50.9 0.3
51.6 0.4
52.5 0.5
53.6 0.6
54.9 0.7
56.4 0.8
58.1 0.9
60.0 1.0
60.1 0.95
60.4 0.9
60.9 0.85
61.6 0.8
62.5 0.75
63.6 0.7
64.9 0.65
66.4 0.6
68.1 0.55
70.0 0.5
70.1 0.45
70.4 0.4
70.9 0.35
71.6 0.3
